c:\users\jin\desktop\대학\수업\제2학기\프로젝트의기초 임종헌\소스코드\bluemarble\bluemarble\release\vc140.pdb
c:\users\jin\desktop\대학\수업\제2학기\프로젝트의기초 임종헌\소스코드\bluemarble\bluemarble\release\set_user.obj
c:\users\jin\desktop\대학\수업\제2학기\프로젝트의기초 임종헌\소스코드\bluemarble\bluemarble\release\set_area.obj
c:\users\jin\desktop\대학\수업\제2학기\프로젝트의기초 임종헌\소스코드\bluemarble\bluemarble\release\scene_option.obj
c:\users\jin\desktop\대학\수업\제2학기\프로젝트의기초 임종헌\소스코드\bluemarble\bluemarble\release\scene_manual.obj
c:\users\jin\desktop\대학\수업\제2학기\프로젝트의기초 임종헌\소스코드\bluemarble\bluemarble\release\scene_maintap.obj
c:\users\jin\desktop\대학\수업\제2학기\프로젝트의기초 임종헌\소스코드\bluemarble\bluemarble\release\scene.obj
c:\users\jin\desktop\대학\수업\제2학기\프로젝트의기초 임종헌\소스코드\bluemarble\bluemarble\release\scene_intro.obj
c:\users\jin\desktop\대학\수업\제2학기\프로젝트의기초 임종헌\소스코드\bluemarble\bluemarble\release\scene_ingame_option.obj
c:\users\jin\desktop\대학\수업\제2학기\프로젝트의기초 임종헌\소스코드\bluemarble\bluemarble\release\scene_ingame.obj
c:\users\jin\desktop\대학\수업\제2학기\프로젝트의기초 임종헌\소스코드\bluemarble\bluemarble\release\scene_inform.obj
c:\users\jin\desktop\대학\수업\제2학기\프로젝트의기초 임종헌\소스코드\bluemarble\bluemarble\release\main.obj
c:\users\jin\desktop\대학\수업\제2학기\프로젝트의기초 임종헌\소스코드\bluemarble\bluemarble\release\input.obj
c:\users\jin\desktop\대학\수업\제2학기\프로젝트의기초 임종헌\소스코드\bluemarble\bluemarble\release\game_play.obj
c:\users\jin\desktop\대학\수업\제2학기\프로젝트의기초 임종헌\소스코드\bluemarble\bluemarble\release\fmod_set.obj
c:\users\jin\desktop\대학\수업\제2학기\프로젝트의기초 임종헌\소스코드\bluemarble\bluemarble\release\draw_field.obj
c:\users\jin\desktop\대학\수업\제2학기\프로젝트의기초 임종헌\소스코드\bluemarble\bluemarble\release\draw.obj
c:\users\jin\desktop\대학\수업\제2학기\프로젝트의기초 임종헌\소스코드\bluemarble\bluemarble\release\consolemain.obj
c:\users\jin\desktop\대학\수업\제2학기\프로젝트의기초 임종헌\소스코드\bluemarble\bluemarble\release\chance.obj
c:\users\jin\desktop\대학\수업\제2학기\프로젝트의기초 임종헌\소스코드\bluemarble\bluemarble\release\scene_gameover.obj
c:\users\jin\desktop\대학\수업\제2학기\프로젝트의기초 임종헌\소스코드\bluemarble\bluemarble\release\fileio.obj
c:\users\jin\desktop\대학\수업\제2학기\프로젝트의기초 임종헌\소스코드\bluemarble\bluemarble\release\scene_fixarea.obj
c:\users\jin\desktop\대학\수업\제2학기\프로젝트의기초 임종헌\소스코드\bluemarble\release\bluemarble.exe
c:\users\jin\desktop\대학\수업\제2학기\프로젝트의기초 임종헌\소스코드\bluemarble\release\bluemarble.ipdb
c:\users\jin\desktop\대학\수업\제2학기\프로젝트의기초 임종헌\소스코드\bluemarble\release\bluemarble.iobj
c:\users\jin\desktop\대학\수업\제2학기\프로젝트의기초 임종헌\소스코드\bluemarble\release\bluemarble.pdb
c:\users\jin\desktop\대학\수업\제2학기\프로젝트의기초 임종헌\소스코드\bluemarble\bluemarble\release\bluemarble.tlog\cl.command.1.tlog
c:\users\jin\desktop\대학\수업\제2학기\프로젝트의기초 임종헌\소스코드\bluemarble\bluemarble\release\bluemarble.tlog\cl.read.1.tlog
c:\users\jin\desktop\대학\수업\제2학기\프로젝트의기초 임종헌\소스코드\bluemarble\bluemarble\release\bluemarble.tlog\cl.write.1.tlog
c:\users\jin\desktop\대학\수업\제2학기\프로젝트의기초 임종헌\소스코드\bluemarble\bluemarble\release\bluemarble.tlog\link.command.1.tlog
c:\users\jin\desktop\대학\수업\제2학기\프로젝트의기초 임종헌\소스코드\bluemarble\bluemarble\release\bluemarble.tlog\link.read.1.tlog
c:\users\jin\desktop\대학\수업\제2학기\프로젝트의기초 임종헌\소스코드\bluemarble\bluemarble\release\bluemarble.tlog\link.write.1.tlog
