c:\users\jin\desktop\대학\수업\제2학기\프로젝트의기초 임종헌\소스코드\bluemarble\bluemarble\debug\vc140.pdb
c:\users\jin\desktop\대학\수업\제2학기\프로젝트의기초 임종헌\소스코드\bluemarble\bluemarble\debug\vc140.idb
c:\users\jin\desktop\대학\수업\제2학기\프로젝트의기초 임종헌\소스코드\bluemarble\bluemarble\debug\chance.obj
c:\users\jin\desktop\대학\수업\제2학기\프로젝트의기초 임종헌\소스코드\bluemarble\bluemarble\debug\draw.obj
c:\users\jin\desktop\대학\수업\제2학기\프로젝트의기초 임종헌\소스코드\bluemarble\bluemarble\debug\draw_field.obj
c:\users\jin\desktop\대학\수업\제2학기\프로젝트의기초 임종헌\소스코드\bluemarble\bluemarble\debug\game_play.obj
c:\users\jin\desktop\대학\수업\제2학기\프로젝트의기초 임종헌\소스코드\bluemarble\bluemarble\debug\input.obj
c:\users\jin\desktop\대학\수업\제2학기\프로젝트의기초 임종헌\소스코드\bluemarble\bluemarble\debug\main.obj
c:\users\jin\desktop\대학\수업\제2학기\프로젝트의기초 임종헌\소스코드\bluemarble\bluemarble\debug\scene_inform.obj
c:\users\jin\desktop\대학\수업\제2학기\프로젝트의기초 임종헌\소스코드\bluemarble\bluemarble\debug\scene_ingame.obj
c:\users\jin\desktop\대학\수업\제2학기\프로젝트의기초 임종헌\소스코드\bluemarble\bluemarble\debug\scene_intro.obj
c:\users\jin\desktop\대학\수업\제2학기\프로젝트의기초 임종헌\소스코드\bluemarble\bluemarble\debug\scene.obj
c:\users\jin\desktop\대학\수업\제2학기\프로젝트의기초 임종헌\소스코드\bluemarble\bluemarble\debug\scene_maintap.obj
c:\users\jin\desktop\대학\수업\제2학기\프로젝트의기초 임종헌\소스코드\bluemarble\bluemarble\debug\scene_manual.obj
c:\users\jin\desktop\대학\수업\제2학기\프로젝트의기초 임종헌\소스코드\bluemarble\bluemarble\debug\scene_option.obj
c:\users\jin\desktop\대학\수업\제2학기\프로젝트의기초 임종헌\소스코드\bluemarble\bluemarble\debug\set_area.obj
c:\users\jin\desktop\대학\수업\제2학기\프로젝트의기초 임종헌\소스코드\bluemarble\bluemarble\debug\set_user.obj
c:\users\jin\desktop\대학\수업\제2학기\프로젝트의기초 임종헌\소스코드\bluemarble\bluemarble\debug\scene_ingame_option.obj
c:\users\jin\desktop\대학\수업\제2학기\프로젝트의기초 임종헌\소스코드\bluemarble\bluemarble\debug\scene_gameover.obj
c:\users\jin\desktop\대학\수업\제2학기\프로젝트의기초 임종헌\소스코드\bluemarble\bluemarble\debug\fileio.obj
c:\users\jin\desktop\대학\수업\제2학기\프로젝트의기초 임종헌\소스코드\bluemarble\bluemarble\debug\scene_ranking.obj
c:\users\jin\desktop\대학\수업\제2학기\프로젝트의기초 임종헌\소스코드\bluemarble\bluemarble\debug\game_play.obj.enc
c:\users\jin\desktop\대학\수업\제2학기\프로젝트의기초 임종헌\소스코드\bluemarble\debug\bluemarble.pdb
c:\users\jin\desktop\대학\수업\제2학기\프로젝트의기초 임종헌\소스코드\bluemarble\bluemarble\debug\bluemarble.tlog\cl.command.1.tlog
c:\users\jin\desktop\대학\수업\제2학기\프로젝트의기초 임종헌\소스코드\bluemarble\bluemarble\debug\bluemarble.tlog\cl.read.1.tlog
c:\users\jin\desktop\대학\수업\제2학기\프로젝트의기초 임종헌\소스코드\bluemarble\bluemarble\debug\bluemarble.tlog\cl.write.1.tlog
c:\users\jin\desktop\대학\수업\제2학기\프로젝트의기초 임종헌\소스코드\bluemarble\bluemarble\debug\bluemarble.tlog\link-cvtres.read.1.tlog
c:\users\jin\desktop\대학\수업\제2학기\프로젝트의기초 임종헌\소스코드\bluemarble\bluemarble\debug\bluemarble.tlog\link-cvtres.write.1.tlog
c:\users\jin\desktop\대학\수업\제2학기\프로젝트의기초 임종헌\소스코드\bluemarble\bluemarble\debug\bluemarble.tlog\link-rc.read.1.tlog
c:\users\jin\desktop\대학\수업\제2학기\프로젝트의기초 임종헌\소스코드\bluemarble\bluemarble\debug\bluemarble.tlog\link-rc.write.1.tlog
c:\users\jin\desktop\대학\수업\제2학기\프로젝트의기초 임종헌\소스코드\bluemarble\bluemarble\debug\bluemarble.tlog\link.528-cvtres.read.1.tlog
c:\users\jin\desktop\대학\수업\제2학기\프로젝트의기초 임종헌\소스코드\bluemarble\bluemarble\debug\bluemarble.tlog\link.528-cvtres.write.1.tlog
c:\users\jin\desktop\대학\수업\제2학기\프로젝트의기초 임종헌\소스코드\bluemarble\bluemarble\debug\bluemarble.tlog\link.528-rc.read.1.tlog
c:\users\jin\desktop\대학\수업\제2학기\프로젝트의기초 임종헌\소스코드\bluemarble\bluemarble\debug\bluemarble.tlog\link.528-rc.write.1.tlog
c:\users\jin\desktop\대학\수업\제2학기\프로젝트의기초 임종헌\소스코드\bluemarble\bluemarble\debug\bluemarble.tlog\link.528.read.1.tlog
c:\users\jin\desktop\대학\수업\제2학기\프로젝트의기초 임종헌\소스코드\bluemarble\bluemarble\debug\bluemarble.tlog\link.528.write.1.tlog
c:\users\jin\desktop\대학\수업\제2학기\프로젝트의기초 임종헌\소스코드\bluemarble\bluemarble\debug\bluemarble.tlog\link.command.1.tlog
c:\users\jin\desktop\대학\수업\제2학기\프로젝트의기초 임종헌\소스코드\bluemarble\bluemarble\debug\bluemarble.tlog\link.read.1.tlog
c:\users\jin\desktop\대학\수업\제2학기\프로젝트의기초 임종헌\소스코드\bluemarble\bluemarble\debug\bluemarble.tlog\link.write.1.tlog
